<?xml version="1.0" encoding="UTF-8"?>
<!-- Generated by org.testng.reporters.JUnitReportReporter -->
<testsuite skipped="0" hostname="C4HSZY2" name="com.cai.webapp.testScript.WebApp_SmokeTest" tests="1" failures="0" timestamp="14 Oct 2019 06:07:56 GMT" time="5.591" errors="0">
  <testcase name="Launch" time="5.591" classname="com.cai.webapp.testScript.WebApp_SmokeTest"/>
</testsuite> <!-- com.cai.webapp.testScript.WebApp_SmokeTest -->
