<?xml version="1.0" encoding="UTF-8"?>
<!-- Generated by org.testng.reporters.JUnitReportReporter -->
<testsuite skipped="0" hostname="C4HSZY2" name="com.qa.webapp.testscripts.SpringBootSmokeTest" tests="1" failures="0" timestamp="17 Jan 2020 13:23:36 GMT" time="8.101" errors="0">
  <testcase name="LaunchSpringBoot" time="8.101" classname="com.qa.webapp.testscripts.SpringBootSmokeTest"/>
</testsuite> <!-- com.qa.webapp.testscripts.SpringBootSmokeTest -->
