<?xml version="1.0" encoding="UTF-8"?>
<!-- Generated by org.testng.reporters.JUnitReportReporter -->
<testsuite skipped="0" hostname="C4HSZY2" name="com.cai.webapp.testScript.WebApp_SmokeTest" tests="1" failures="0" timestamp="20 Jan 2020 12:58:43 GMT" time="8.406" errors="0">
  <testcase name="Launch" time="8.406" classname="com.cai.webapp.testScript.WebApp_SmokeTest"/>
</testsuite> <!-- com.cai.webapp.testScript.WebApp_SmokeTest -->
